<?xml version="1.0" encoding="UTF-8"?>
<!-- Generated by org.testng.reporters.JUnitReportReporter -->
<testsuite hostname="LAPTOP-GIUIODQ0" failures="0" tests="5" name="com.asses.runner.CucumberRunner" time="29.132" errors="0" timestamp="2023-08-09T17:08:14 IST" skipped="0">
  <testcase classname="com.asses.runner.CucumberRunner" name="runScenario" time="14.358"/>
  <system-out/>
  <testcase classname="com.asses.runner.CucumberRunner" name="runScenario" time="3.695"/>
  <system-out/>
  <testcase classname="com.asses.runner.CucumberRunner" name="runScenario" time="0.753"/>
  <system-out/>
  <testcase classname="com.asses.runner.CucumberRunner" name="runScenario" time="0.080"/>
  <system-out/>
  <testcase classname="com.asses.runner.CucumberRunner" name="runScenario" time="10.246"/>
  <system-out/>
</testsuite> <!-- com.asses.runner.CucumberRunner -->
